{"level":"info","message":"Identity service running on port 3001","service":"identity_service","timestamp":"2025-03-24T12:45:43.449Z"}
{"level":"info","message":"Identity service running on port 3001","service":"identity_service","timestamp":"2025-03-24T12:46:05.686Z"}
{"level":"info","message":"Identity service running on port 3001","service":"identity_service","timestamp":"2025-03-24T12:46:22.837Z"}
{"level":"info","message":"Identity service running on port 3001","service":"identity_service","timestamp":"2025-03-24T12:46:46.146Z"}
{"errorLabelSet":{},"level":"error","message":"Could not connect to any servers in your MongoDB Atlas cluster. One common reason is that you're trying to access the database from an IP that isn't whitelisted. Make sure your current IP address is on your Atlas cluster's IP whitelist: https://www.mongodb.com/docs/atlas/security-whitelist/","reason":{"commonWireVersion":0,"compatible":true,"heartbeatFrequencyMS":10000,"localThresholdMS":15,"logicalSessionTimeoutMinutes":null,"maxElectionId":null,"maxSetVersion":null,"servers":{"smm-db-shard-00-00.otwoh.mongodb.net:27017":{"$clusterTime":null,"address":"smm-db-shard-00-00.otwoh.mongodb.net:27017","arbiters":[],"electionId":null,"error":{"beforeHandshake":false,"errorLabelSet":{}},"hosts":[],"iscryptd":false,"lastUpdateTime":932431371,"lastWriteDate":0,"logicalSessionTimeoutMinutes":null,"maxBsonObjectSize":null,"maxMessageSizeBytes":null,"maxWireVersion":0,"maxWriteBatchSize":null,"me":null,"minRoundTripTime":0,"minWireVersion":0,"passives":[],"primary":null,"roundTripTime":-1,"setName":null,"setVersion":null,"tags":{},"topologyVersion":null,"type":"Unknown"},"smm-db-shard-00-01.otwoh.mongodb.net:27017":{"$clusterTime":null,"address":"smm-db-shard-00-01.otwoh.mongodb.net:27017","arbiters":[],"electionId":null,"error":{"beforeHandshake":false,"errorLabelSet":{}},"hosts":[],"iscryptd":false,"lastUpdateTime":932431371,"lastWriteDate":0,"logicalSessionTimeoutMinutes":null,"maxBsonObjectSize":null,"maxMessageSizeBytes":null,"maxWireVersion":0,"maxWriteBatchSize":null,"me":null,"minRoundTripTime":0,"minWireVersion":0,"passives":[],"primary":null,"roundTripTime":-1,"setName":null,"setVersion":null,"tags":{},"topologyVersion":null,"type":"Unknown"},"smm-db-shard-00-02.otwoh.mongodb.net:27017":{"$clusterTime":null,"address":"smm-db-shard-00-02.otwoh.mongodb.net:27017","arbiters":[],"electionId":null,"error":{"beforeHandshake":false,"errorLabelSet":{}},"hosts":[],"iscryptd":false,"lastUpdateTime":932431465,"lastWriteDate":0,"logicalSessionTimeoutMinutes":null,"maxBsonObjectSize":null,"maxMessageSizeBytes":null,"maxWireVersion":0,"maxWriteBatchSize":null,"me":null,"minRoundTripTime":0,"minWireVersion":0,"passives":[],"primary":null,"roundTripTime":-1,"setName":null,"setVersion":null,"tags":{},"topologyVersion":null,"type":"Unknown"}},"setName":"atlas-n52hjf-shard-0","stale":false,"type":"ReplicaSetNoPrimary"},"service":"identity_service","stack":"MongooseServerSelectionError: Could not connect to any servers in your MongoDB Atlas cluster. One common reason is that you're trying to access the database from an IP that isn't whitelisted. Make sure your current IP address is on your Atlas cluster's IP whitelist: https://www.mongodb.com/docs/atlas/security-whitelist/\n    at _handleConnectionErrors (E:\\SOCIAL-MEDIA-MICROSERVICE\\identity-service\\node_modules\\mongoose\\lib\\connection.js:1165:11)\n    at NativeConnection.openUri (E:\\SOCIAL-MEDIA-MICROSERVICE\\identity-service\\node_modules\\mongoose\\lib\\connection.js:1096:11)","timestamp":"2025-03-24T12:47:18.645Z"}
{"level":"info","message":"Identity service running on port 3001","service":"identity_service","timestamp":"2025-03-25T10:41:43.452Z"}
{"errorLabelSet":{},"level":"error","message":"Could not connect to any servers in your MongoDB Atlas cluster. One common reason is that you're trying to access the database from an IP that isn't whitelisted. Make sure your current IP address is on your Atlas cluster's IP whitelist: https://www.mongodb.com/docs/atlas/security-whitelist/","reason":{"commonWireVersion":0,"compatible":true,"heartbeatFrequencyMS":10000,"localThresholdMS":15,"logicalSessionTimeoutMinutes":null,"maxElectionId":null,"maxSetVersion":null,"servers":{"smm-db-shard-00-00.otwoh.mongodb.net:27017":{"$clusterTime":null,"address":"smm-db-shard-00-00.otwoh.mongodb.net:27017","arbiters":[],"electionId":null,"error":{"beforeHandshake":false,"errorLabelSet":{}},"hosts":[],"iscryptd":false,"lastUpdateTime":1011336052,"lastWriteDate":0,"logicalSessionTimeoutMinutes":null,"maxBsonObjectSize":null,"maxMessageSizeBytes":null,"maxWireVersion":0,"maxWriteBatchSize":null,"me":null,"minRoundTripTime":0,"minWireVersion":0,"passives":[],"primary":null,"roundTripTime":-1,"setName":null,"setVersion":null,"tags":{},"topologyVersion":null,"type":"Unknown"},"smm-db-shard-00-01.otwoh.mongodb.net:27017":{"$clusterTime":null,"address":"smm-db-shard-00-01.otwoh.mongodb.net:27017","arbiters":[],"electionId":null,"error":{"beforeHandshake":false,"errorLabelSet":{}},"hosts":[],"iscryptd":false,"lastUpdateTime":1011335990,"lastWriteDate":0,"logicalSessionTimeoutMinutes":null,"maxBsonObjectSize":null,"maxMessageSizeBytes":null,"maxWireVersion":0,"maxWriteBatchSize":null,"me":null,"minRoundTripTime":0,"minWireVersion":0,"passives":[],"primary":null,"roundTripTime":-1,"setName":null,"setVersion":null,"tags":{},"topologyVersion":null,"type":"Unknown"},"smm-db-shard-00-02.otwoh.mongodb.net:27017":{"$clusterTime":null,"address":"smm-db-shard-00-02.otwoh.mongodb.net:27017","arbiters":[],"electionId":null,"error":{"beforeHandshake":false,"errorLabelSet":{}},"hosts":[],"iscryptd":false,"lastUpdateTime":1011335990,"lastWriteDate":0,"logicalSessionTimeoutMinutes":null,"maxBsonObjectSize":null,"maxMessageSizeBytes":null,"maxWireVersion":0,"maxWriteBatchSize":null,"me":null,"minRoundTripTime":0,"minWireVersion":0,"passives":[],"primary":null,"roundTripTime":-1,"setName":null,"setVersion":null,"tags":{},"topologyVersion":null,"type":"Unknown"}},"setName":"atlas-n52hjf-shard-0","stale":false,"type":"ReplicaSetNoPrimary"},"service":"identity_service","stack":"MongooseServerSelectionError: Could not connect to any servers in your MongoDB Atlas cluster. One common reason is that you're trying to access the database from an IP that isn't whitelisted. Make sure your current IP address is on your Atlas cluster's IP whitelist: https://www.mongodb.com/docs/atlas/security-whitelist/\n    at _handleConnectionErrors (E:\\SOCIAL-MEDIA-MICROSERVICE\\identity-service\\node_modules\\mongoose\\lib\\connection.js:1165:11)\n    at NativeConnection.openUri (E:\\SOCIAL-MEDIA-MICROSERVICE\\identity-service\\node_modules\\mongoose\\lib\\connection.js:1096:11)","timestamp":"2025-03-25T10:42:15.617Z"}
{"level":"info","message":"Identity service running on port 3001","service":"identity_service","timestamp":"2025-03-25T10:43:29.007Z"}
{"level":"info","message":"Connected to mongodb","service":"identity_service","timestamp":"2025-03-25T10:43:32.708Z"}
{"level":"info","message":"Received GET request to /register","service":"identity_service","timestamp":"2025-03-25T11:14:32.132Z"}
{"level":"info","message":"Request body, [object Object]","service":"identity_service","timestamp":"2025-03-25T11:14:32.132Z"}
{"level":"info","message":"Received POST request to /register","service":"identity_service","timestamp":"2025-03-25T11:14:55.233Z"}
{"level":"info","message":"Request body, [object Object]","service":"identity_service","timestamp":"2025-03-25T11:14:55.234Z"}
{"level":"info","message":"Identity service running on port 3001","service":"identity_service","timestamp":"2025-03-25T11:16:45.962Z"}
{"level":"info","message":"Identity service running on port 3001","service":"identity_service","timestamp":"2025-03-25T11:16:49.638Z"}
{"level":"info","message":"Connected to mongodb","service":"identity_service","timestamp":"2025-03-25T11:16:52.753Z"}
{"level":"info","message":"Received POST request to /register","service":"identity_service","timestamp":"2025-03-25T11:16:53.320Z"}
{"level":"info","message":"Request body, [object Object]","service":"identity_service","timestamp":"2025-03-25T11:16:53.321Z"}
{"level":"info","message":"Received POST request to /api/auth/register","service":"identity_service","timestamp":"2025-03-25T11:19:14.981Z"}
{"level":"info","message":"Request body, [object Object]","service":"identity_service","timestamp":"2025-03-25T11:19:14.982Z"}
{"level":"info","message":"Registeration endpoint hit","service":"identity_service","timestamp":"2025-03-25T11:19:14.984Z"}
{"level":"error","message":"Registeration error occured errorr is not defined","service":"identity_service","stack":"ReferenceError: errorr is not defined\n    at registeration (E:\\SOCIAL-MEDIA-MICROSERVICE\\identity-service\\src\\controllers\\identity_ct.js:13:9)\n    at process.processTicksAndRejections (node:internal/process/task_queues:95:5)","timestamp":"2025-03-25T11:19:14.989Z"}
{"level":"info","message":"Identity service running on port 3001","service":"identity_service","timestamp":"2025-03-25T11:19:38.829Z"}
{"level":"info","message":"Received POST request to /api/auth/register","service":"identity_service","timestamp":"2025-03-25T11:19:40.388Z"}
{"level":"info","message":"Request body, [object Object]","service":"identity_service","timestamp":"2025-03-25T11:19:40.389Z"}
{"level":"info","message":"Registeration endpoint hit","service":"identity_service","timestamp":"2025-03-25T11:19:40.393Z"}
{"0":"\"","1":"u","10":" ","11":"i","12":"s","13":" ","14":"r","15":"e","16":"q","17":"u","18":"i","19":"r","2":"s","20":"e","21":"d","3":"e","4":"r","5":"n","6":"a","7":"m","8":"e","9":"\"","level":"error","message":"Registeration error","service":"identity_service","timestamp":"2025-03-25T11:19:40.397Z"}
{"level":"info","message":"Connected to mongodb","service":"identity_service","timestamp":"2025-03-25T11:19:42.100Z"}
{"level":"info","message":"Received POST request to /api/auth/register","service":"identity_service","timestamp":"2025-03-25T11:20:05.563Z"}
{"level":"info","message":"Request body, [object Object]","service":"identity_service","timestamp":"2025-03-25T11:20:05.564Z"}
{"level":"info","message":"Registeration endpoint hit","service":"identity_service","timestamp":"2025-03-25T11:20:05.566Z"}
{"level":"error","message":"Registeration error occured username is not defined","service":"identity_service","stack":"ReferenceError: username is not defined\n    at registeration (E:\\SOCIAL-MEDIA-MICROSERVICE\\identity-service\\src\\controllers\\identity_ct.js:19:52)\n    at process.processTicksAndRejections (node:internal/process/task_queues:95:5)","timestamp":"2025-03-25T11:20:05.570Z"}
{"level":"info","message":"Identity service running on port 3001","service":"identity_service","timestamp":"2025-03-25T11:20:45.565Z"}
{"level":"info","message":"Received POST request to /api/auth/register","service":"identity_service","timestamp":"2025-03-25T11:20:47.954Z"}
{"level":"info","message":"Request body, [object Object]","service":"identity_service","timestamp":"2025-03-25T11:20:47.954Z"}
{"level":"info","message":"Registeration endpoint hit","service":"identity_service","timestamp":"2025-03-25T11:20:47.958Z"}
{"level":"warn","message":"User already exist","service":"identity_service","timestamp":"2025-03-25T11:20:47.962Z"}
{"level":"info","message":"Connected to mongodb","service":"identity_service","timestamp":"2025-03-25T11:20:48.997Z"}
{"level":"info","message":"Identity service running on port 3001","service":"identity_service","timestamp":"2025-03-25T11:22:51.242Z"}
{"level":"info","message":"Connected to mongodb","service":"identity_service","timestamp":"2025-03-25T11:22:54.685Z"}
{"level":"info","message":"Received POST request to /api/auth/register","service":"identity_service","timestamp":"2025-03-25T11:23:14.994Z"}
{"level":"info","message":"Request body, [object Object]","service":"identity_service","timestamp":"2025-03-25T11:23:14.995Z"}
{"level":"info","message":"Registeration endpoint hit","service":"identity_service","timestamp":"2025-03-25T11:23:14.999Z"}
{"level":"warn","message":"User already exist","service":"identity_service","timestamp":"2025-03-25T11:23:15.005Z"}
{"level":"info","message":"Received POST request to /api/auth/register","service":"identity_service","timestamp":"2025-03-25T11:23:42.525Z"}
{"level":"info","message":"Request body, [object Object]","service":"identity_service","timestamp":"2025-03-25T11:23:42.525Z"}
{"level":"info","message":"Registeration endpoint hit","service":"identity_service","timestamp":"2025-03-25T11:23:42.526Z"}
{"level":"warn","message":"User already exist","service":"identity_service","timestamp":"2025-03-25T11:23:42.527Z"}
{"level":"info","message":"Identity service running on port 3001","service":"identity_service","timestamp":"2025-03-25T11:24:25.088Z"}
{"level":"info","message":"Identity service running on port 3001","service":"identity_service","timestamp":"2025-03-25T11:24:26.859Z"}
{"level":"info","message":"Identity service running on port 3001","service":"identity_service","timestamp":"2025-03-25T11:24:28.066Z"}
{"level":"info","message":"Identity service running on port 3001","service":"identity_service","timestamp":"2025-03-25T11:24:29.327Z"}
{"level":"info","message":"Received POST request to /api/auth/register","service":"identity_service","timestamp":"2025-03-25T11:24:31.361Z"}
{"level":"info","message":"Request body, [object Object]","service":"identity_service","timestamp":"2025-03-25T11:24:31.361Z"}
{"level":"info","message":"Registeration endpoint hit","service":"identity_service","timestamp":"2025-03-25T11:24:31.366Z"}
{"level":"warn","message":"User already exist","service":"identity_service","timestamp":"2025-03-25T11:24:31.381Z"}
{"level":"info","message":"Connected to mongodb","service":"identity_service","timestamp":"2025-03-25T11:24:32.677Z"}
{"level":"info","message":"Identity service running on port 3001","service":"identity_service","timestamp":"2025-03-25T11:25:27.504Z"}
{"level":"info","message":"Received POST request to /api/auth/register","service":"identity_service","timestamp":"2025-03-25T11:25:29.131Z"}
{"level":"info","message":"Request body, [object Object]","service":"identity_service","timestamp":"2025-03-25T11:25:29.131Z"}
{"level":"info","message":"Registeration endpoint hit","service":"identity_service","timestamp":"2025-03-25T11:25:29.134Z"}
{"level":"info","message":"Connected to mongodb","service":"identity_service","timestamp":"2025-03-25T11:25:30.466Z"}
{"level":"error","message":"Registeration error occured this.isModified is not a function","service":"identity_service","stack":"TypeError: this.isModified is not a function\n    at model.<anonymous> (E:\\SOCIAL-MEDIA-MICROSERVICE\\identity-service\\src\\models\\users.js:33:13)\n    at callMiddlewareFunction (E:\\SOCIAL-MEDIA-MICROSERVICE\\identity-service\\node_modules\\kareem\\index.js:628:27)\n    at model.next (E:\\SOCIAL-MEDIA-MICROSERVICE\\identity-service\\node_modules\\kareem\\index.js:93:7)\n    at _next (E:\\SOCIAL-MEDIA-MICROSERVICE\\identity-service\\node_modules\\kareem\\index.js:146:10)\n    at E:\\SOCIAL-MEDIA-MICROSERVICE\\identity-service\\node_modules\\kareem\\index.js:653:30\n    at process.processTicksAndRejections (node:internal/process/task_queues:77:11)","timestamp":"2025-03-25T11:25:30.540Z"}
{"level":"info","message":"Identity service running on port 3001","service":"identity_service","timestamp":"2025-03-25T11:25:55.695Z"}
{"level":"info","message":"Identity service running on port 3001","service":"identity_service","timestamp":"2025-03-25T11:25:57.901Z"}
{"level":"info","message":"Connected to mongodb","service":"identity_service","timestamp":"2025-03-25T11:26:01.165Z"}
{"level":"info","message":"Received POST request to /api/auth/register","service":"identity_service","timestamp":"2025-03-25T11:26:13.687Z"}
{"level":"info","message":"Request body, [object Object]","service":"identity_service","timestamp":"2025-03-25T11:26:13.687Z"}
{"level":"info","message":"Registeration endpoint hit","service":"identity_service","timestamp":"2025-03-25T11:26:13.690Z"}
{"level":"error","message":"Registeration error occured this.isModified is not a function","service":"identity_service","stack":"TypeError: this.isModified is not a function\n    at model.<anonymous> (E:\\SOCIAL-MEDIA-MICROSERVICE\\identity-service\\src\\models\\users.js:33:13)\n    at callMiddlewareFunction (E:\\SOCIAL-MEDIA-MICROSERVICE\\identity-service\\node_modules\\kareem\\index.js:628:27)\n    at model.next (E:\\SOCIAL-MEDIA-MICROSERVICE\\identity-service\\node_modules\\kareem\\index.js:93:7)\n    at _next (E:\\SOCIAL-MEDIA-MICROSERVICE\\identity-service\\node_modules\\kareem\\index.js:146:10)\n    at E:\\SOCIAL-MEDIA-MICROSERVICE\\identity-service\\node_modules\\kareem\\index.js:653:30\n    at process.processTicksAndRejections (node:internal/process/task_queues:77:11)","timestamp":"2025-03-25T11:26:13.765Z"}
{"level":"info","message":"Identity service running on port 3001","service":"identity_service","timestamp":"2025-03-25T11:28:37.580Z"}
{"level":"info","message":"Identity service running on port 3001","service":"identity_service","timestamp":"2025-03-25T11:28:41.886Z"}
{"level":"info","message":"Connected to mongodb","service":"identity_service","timestamp":"2025-03-25T11:28:44.671Z"}
{"level":"info","message":"Received POST request to /api/auth/register","service":"identity_service","timestamp":"2025-03-25T11:28:44.692Z"}
{"level":"info","message":"Request body, [object Object]","service":"identity_service","timestamp":"2025-03-25T11:28:44.693Z"}
{"level":"info","message":"Registeration endpoint hit","service":"identity_service","timestamp":"2025-03-25T11:28:44.697Z"}
{"buffer":{"data":[103,226,147,109,130,218,112,48,121,246,116,204],"type":"Buffer"},"level":"warn","message":"User saved successfully","service":"identity_service","timestamp":"2025-03-25T11:28:45.178Z"}
{"level":"info","message":"Received POST request to /api/auth/register","service":"identity_service","timestamp":"2025-03-25T11:32:55.680Z"}
{"level":"info","message":"Request body, [object Object]","service":"identity_service","timestamp":"2025-03-25T11:32:55.681Z"}
{"level":"info","message":"Registeration endpoint hit","service":"identity_service","timestamp":"2025-03-25T11:32:55.682Z"}
{"0":"\"","1":"e","10":" ","11":"r","12":"e","13":"q","14":"u","15":"i","16":"r","17":"e","18":"d","2":"m","3":"a","4":"i","5":"l","6":"\"","7":" ","8":"i","9":"s","level":"error","message":"Registeration error","service":"identity_service","timestamp":"2025-03-25T11:32:55.685Z"}
{"level":"info","message":"Received POST request to /api/auth/register","service":"identity_service","timestamp":"2025-03-25T11:33:27.274Z"}
{"level":"info","message":"Request body, [object Object]","service":"identity_service","timestamp":"2025-03-25T11:33:27.274Z"}
{"level":"info","message":"Registeration endpoint hit","service":"identity_service","timestamp":"2025-03-25T11:33:27.275Z"}
{"0":"\"","1":"u","10":" ","11":"i","12":"s","13":" ","14":"r","15":"e","16":"q","17":"u","18":"i","19":"r","2":"s","20":"e","21":"d","3":"e","4":"r","5":"n","6":"a","7":"m","8":"e","9":"\"","level":"error","message":"Registeration error","service":"identity_service","timestamp":"2025-03-25T11:33:27.276Z"}
{"level":"info","message":"Received POST request to /api/auth/login","service":"identity_service","timestamp":"2025-03-25T11:33:35.957Z"}
{"level":"info","message":"Request body, [object Object]","service":"identity_service","timestamp":"2025-03-25T11:33:35.958Z"}
{"level":"info","message":"Login endpoint hit","service":"identity_service","timestamp":"2025-03-25T11:33:35.959Z"}
{"level":"error","message":"Login error occured errorr is not defined","service":"identity_service","stack":"ReferenceError: errorr is not defined\n    at login (E:\\SOCIAL-MEDIA-MICROSERVICE\\identity-service\\src\\controllers\\identity_ct.js:49:9)\n    at process.processTicksAndRejections (node:internal/process/task_queues:95:5)","timestamp":"2025-03-25T11:33:35.960Z"}
{"level":"info","message":"Identity service running on port 3001","service":"identity_service","timestamp":"2025-03-25T11:33:52.259Z"}
{"level":"info","message":"Received POST request to /api/auth/login","service":"identity_service","timestamp":"2025-03-25T11:33:53.008Z"}
{"level":"info","message":"Request body, [object Object]","service":"identity_service","timestamp":"2025-03-25T11:33:53.009Z"}
{"level":"info","message":"Login endpoint hit","service":"identity_service","timestamp":"2025-03-25T11:33:53.013Z"}
{"level":"error","message":"Login error occured user.comaparePassword is not a function","service":"identity_service","stack":"TypeError: user.comaparePassword is not a function\n    at login (E:\\SOCIAL-MEDIA-MICROSERVICE\\identity-service\\src\\controllers\\identity_ct.js:61:40)\n    at process.processTicksAndRejections (node:internal/process/task_queues:95:5)","timestamp":"2025-03-25T11:33:53.018Z"}
{"errorLabelSet":{},"level":"error","message":"Could not connect to any servers in your MongoDB Atlas cluster. One common reason is that you're trying to access the database from an IP that isn't whitelisted. Make sure your current IP address is on your Atlas cluster's IP whitelist: https://www.mongodb.com/docs/atlas/security-whitelist/","reason":{"commonWireVersion":0,"compatible":true,"heartbeatFrequencyMS":10000,"localThresholdMS":15,"logicalSessionTimeoutMinutes":null,"maxElectionId":null,"maxSetVersion":null,"servers":{"smm-db-shard-00-00.otwoh.mongodb.net:27017":{"$clusterTime":null,"address":"smm-db-shard-00-00.otwoh.mongodb.net:27017","arbiters":[],"electionId":null,"error":{"beforeHandshake":false,"errorLabelSet":{}},"hosts":[],"iscryptd":false,"lastUpdateTime":1014462601,"lastWriteDate":0,"logicalSessionTimeoutMinutes":null,"maxBsonObjectSize":null,"maxMessageSizeBytes":null,"maxWireVersion":0,"maxWriteBatchSize":null,"me":null,"minRoundTripTime":0,"minWireVersion":0,"passives":[],"primary":null,"roundTripTime":-1,"setName":null,"setVersion":null,"tags":{},"topologyVersion":null,"type":"Unknown"},"smm-db-shard-00-01.otwoh.mongodb.net:27017":{"$clusterTime":null,"address":"smm-db-shard-00-01.otwoh.mongodb.net:27017","arbiters":[],"electionId":null,"error":{"beforeHandshake":false,"errorLabelSet":{}},"hosts":[],"iscryptd":false,"lastUpdateTime":1014463148,"lastWriteDate":0,"logicalSessionTimeoutMinutes":null,"maxBsonObjectSize":null,"maxMessageSizeBytes":null,"maxWireVersion":0,"maxWriteBatchSize":null,"me":null,"minRoundTripTime":0,"minWireVersion":0,"passives":[],"primary":null,"roundTripTime":-1,"setName":null,"setVersion":null,"tags":{},"topologyVersion":null,"type":"Unknown"},"smm-db-shard-00-02.otwoh.mongodb.net:27017":{"$clusterTime":null,"address":"smm-db-shard-00-02.otwoh.mongodb.net:27017","arbiters":[],"electionId":null,"error":{"beforeHandshake":false,"errorLabelSet":{}},"hosts":[],"iscryptd":false,"lastUpdateTime":1014462599,"lastWriteDate":0,"logicalSessionTimeoutMinutes":null,"maxBsonObjectSize":null,"maxMessageSizeBytes":null,"maxWireVersion":0,"maxWriteBatchSize":null,"me":null,"minRoundTripTime":0,"minWireVersion":0,"passives":[],"primary":null,"roundTripTime":-1,"setName":null,"setVersion":null,"tags":{},"topologyVersion":null,"type":"Unknown"}},"setName":"atlas-n52hjf-shard-0","stale":false,"type":"ReplicaSetNoPrimary"},"service":"identity_service","stack":"MongooseServerSelectionError: Could not connect to any servers in your MongoDB Atlas cluster. One common reason is that you're trying to access the database from an IP that isn't whitelisted. Make sure your current IP address is on your Atlas cluster's IP whitelist: https://www.mongodb.com/docs/atlas/security-whitelist/\n    at _handleConnectionErrors (E:\\SOCIAL-MEDIA-MICROSERVICE\\identity-service\\node_modules\\mongoose\\lib\\connection.js:1165:11)\n    at NativeConnection.openUri (E:\\SOCIAL-MEDIA-MICROSERVICE\\identity-service\\node_modules\\mongoose\\lib\\connection.js:1096:11)","timestamp":"2025-03-25T11:34:22.405Z"}
{"level":"info","message":"Identity service running on port 3001","service":"identity_service","timestamp":"2025-03-25T11:35:44.012Z"}
{"level":"info","message":"Connected to mongodb","service":"identity_service","timestamp":"2025-03-25T11:35:44.920Z"}
{"level":"info","message":"Received POST request to /api/auth/login","service":"identity_service","timestamp":"2025-03-25T11:35:49.948Z"}
{"level":"info","message":"Request body, [object Object]","service":"identity_service","timestamp":"2025-03-25T11:35:49.949Z"}
{"level":"info","message":"Login endpoint hit","service":"identity_service","timestamp":"2025-03-25T11:35:49.951Z"}
{"level":"error","message":"Login error occured user.comaparePassword is not a function","service":"identity_service","stack":"TypeError: user.comaparePassword is not a function\n    at login (E:\\SOCIAL-MEDIA-MICROSERVICE\\identity-service\\src\\controllers\\identity_ct.js:61:40)\n    at process.processTicksAndRejections (node:internal/process/task_queues:95:5)","timestamp":"2025-03-25T11:35:49.956Z"}
{"level":"info","message":"Identity service running on port 3001","service":"identity_service","timestamp":"2025-03-25T11:36:38.385Z"}
{"level":"info","message":"Connected to mongodb","service":"identity_service","timestamp":"2025-03-25T11:36:39.005Z"}
{"level":"info","message":"Received POST request to /api/auth/login","service":"identity_service","timestamp":"2025-03-25T11:36:40.269Z"}
{"level":"info","message":"Request body, [object Object]","service":"identity_service","timestamp":"2025-03-25T11:36:40.270Z"}
{"level":"info","message":"Login endpoint hit","service":"identity_service","timestamp":"2025-03-25T11:36:40.273Z"}
{"level":"error","message":"Login error occured user.comparePassword is not a function","service":"identity_service","stack":"TypeError: user.comparePassword is not a function\n    at login (E:\\SOCIAL-MEDIA-MICROSERVICE\\identity-service\\src\\controllers\\identity_ct.js:61:40)\n    at process.processTicksAndRejections (node:internal/process/task_queues:95:5)","timestamp":"2025-03-25T11:36:40.278Z"}
{"level":"info","message":"Identity service running on port 3001","service":"identity_service","timestamp":"2025-03-25T11:36:56.835Z"}
{"level":"info","message":"Connected to mongodb","service":"identity_service","timestamp":"2025-03-25T11:36:57.487Z"}
{"level":"info","message":"Received POST request to /api/auth/login","service":"identity_service","timestamp":"2025-03-25T11:37:01.044Z"}
{"level":"info","message":"Request body, [object Object]","service":"identity_service","timestamp":"2025-03-25T11:37:01.045Z"}
{"level":"info","message":"Login endpoint hit","service":"identity_service","timestamp":"2025-03-25T11:37:01.048Z"}
{"level":"error","message":"Login error occured user.comparePassword is not a function","service":"identity_service","stack":"TypeError: user.comparePassword is not a function\n    at login (E:\\SOCIAL-MEDIA-MICROSERVICE\\identity-service\\src\\controllers\\identity_ct.js:61:40)\n    at process.processTicksAndRejections (node:internal/process/task_queues:95:5)","timestamp":"2025-03-25T11:37:01.053Z"}
{"level":"info","message":"Identity service running on port 3001","service":"identity_service","timestamp":"2025-03-25T11:37:35.302Z"}
{"level":"info","message":"Connected to mongodb","service":"identity_service","timestamp":"2025-03-25T11:37:36.011Z"}
{"level":"info","message":"Identity service running on port 3001","service":"identity_service","timestamp":"2025-03-25T11:37:37.062Z"}
{"level":"info","message":"Connected to mongodb","service":"identity_service","timestamp":"2025-03-25T11:37:37.688Z"}
{"level":"info","message":"Received POST request to /api/auth/login","service":"identity_service","timestamp":"2025-03-25T11:37:39.188Z"}
{"level":"info","message":"Request body, [object Object]","service":"identity_service","timestamp":"2025-03-25T11:37:39.189Z"}
{"level":"info","message":"Login endpoint hit","service":"identity_service","timestamp":"2025-03-25T11:37:39.192Z"}
{"level":"error","message":"Login error occured pchstr must be a non-empty string","service":"identity_service","stack":"TypeError: pchstr must be a non-empty string\n    at deserialize (E:\\SOCIAL-MEDIA-MICROSERVICE\\identity-service\\node_modules\\@phc\\format\\index.js:143:11)\n    at Object.verify (E:\\SOCIAL-MEDIA-MICROSERVICE\\identity-service\\node_modules\\argon2\\argon2.cjs:158:27)\n    at userschema.methods.comparePassword (E:\\SOCIAL-MEDIA-MICROSERVICE\\identity-service\\src\\models\\users.js:45:29)\n    at login (E:\\SOCIAL-MEDIA-MICROSERVICE\\identity-service\\src\\controllers\\identity_ct.js:61:40)\n    at process.processTicksAndRejections (node:internal/process/task_queues:95:5)","timestamp":"2025-03-25T11:37:39.256Z"}
{"level":"info","message":"Identity service running on port 3001","service":"identity_service","timestamp":"2025-03-25T11:39:22.423Z"}
{"level":"info","message":"Connected to mongodb","service":"identity_service","timestamp":"2025-03-25T11:39:23.197Z"}
{"level":"info","message":"Identity service running on port 3001","service":"identity_service","timestamp":"2025-03-25T11:39:30.178Z"}
{"level":"info","message":"Connected to mongodb","service":"identity_service","timestamp":"2025-03-25T11:39:30.880Z"}
{"level":"info","message":"Received POST request to /api/auth/login","service":"identity_service","timestamp":"2025-03-25T11:39:34.476Z"}
{"level":"info","message":"Request body, [object Object]","service":"identity_service","timestamp":"2025-03-25T11:39:34.477Z"}
{"level":"info","message":"Login endpoint hit","service":"identity_service","timestamp":"2025-03-25T11:39:34.480Z"}
{"level":"warn","message":"Invalid user","service":"identity_service","timestamp":"2025-03-25T11:39:34.607Z"}
{"level":"info","message":"Received POST request to /api/auth/login","service":"identity_service","timestamp":"2025-03-25T11:39:42.253Z"}
{"level":"info","message":"Request body, [object Object]","service":"identity_service","timestamp":"2025-03-25T11:39:42.254Z"}
{"level":"info","message":"Login endpoint hit","service":"identity_service","timestamp":"2025-03-25T11:39:42.255Z"}
{"level":"info","message":"Received POST request to /api/auth/login","service":"identity_service","timestamp":"2025-03-25T11:40:52.892Z"}
{"level":"info","message":"Request body, [object Object]","service":"identity_service","timestamp":"2025-03-25T11:40:52.892Z"}
{"level":"info","message":"Login endpoint hit","service":"identity_service","timestamp":"2025-03-25T11:40:52.893Z"}
{"level":"info","message":"Received GET request to /api/auth/logout","service":"identity_service","timestamp":"2025-03-25T11:41:20.271Z"}
{"level":"info","message":"Request body, [object Object]","service":"identity_service","timestamp":"2025-03-25T11:41:20.272Z"}
{"level":"info","message":"Received POST request to /api/auth/logout","service":"identity_service","timestamp":"2025-03-25T11:41:52.051Z"}
{"level":"info","message":"Request body, [object Object]","service":"identity_service","timestamp":"2025-03-25T11:41:52.052Z"}
{"level":"info","message":"logout api hit....","service":"identity_service","timestamp":"2025-03-25T11:41:52.053Z"}
{"level":"warn","message":"Refresh Token is missing","service":"identity_service","timestamp":"2025-03-25T11:41:52.053Z"}
{"level":"info","message":"Identity service running on port 3001","service":"identity_service","timestamp":"2025-03-26T11:24:53.538Z"}
{"level":"info","message":"Connected to mongodb","service":"identity_service","timestamp":"2025-03-26T11:24:56.606Z"}
{"level":"info","message":"Received POST request to /api/auth/register","service":"identity_service","timestamp":"2025-03-26T11:25:51.496Z"}
{"level":"info","message":"Request body, [object Object]","service":"identity_service","timestamp":"2025-03-26T11:25:51.497Z"}
{"level":"info","message":"Registeration endpoint hit","service":"identity_service","timestamp":"2025-03-26T11:25:51.503Z"}
{"0":"\"","1":"u","10":" ","11":"i","12":"s","13":" ","14":"r","15":"e","16":"q","17":"u","18":"i","19":"r","2":"s","20":"e","21":"d","3":"e","4":"r","5":"n","6":"a","7":"m","8":"e","9":"\"","level":"error","message":"Registeration error","service":"identity_service","timestamp":"2025-03-26T11:25:51.507Z"}
{"level":"info","message":"Received POST request to /api/auth/register","service":"identity_service","timestamp":"2025-03-26T11:26:48.542Z"}
{"level":"info","message":"Request body, [object Object]","service":"identity_service","timestamp":"2025-03-26T11:26:48.542Z"}
{"level":"info","message":"Registeration endpoint hit","service":"identity_service","timestamp":"2025-03-26T11:26:48.543Z"}
{"buffer":{"data":[103,227,228,120,104,183,219,105,177,161,63,14],"type":"Buffer"},"level":"warn","message":"User saved successfully","service":"identity_service","timestamp":"2025-03-26T11:26:48.722Z"}
{"level":"info","message":"Received POST request to /api/auth/login","service":"identity_service","timestamp":"2025-03-26T11:27:19.999Z"}
{"level":"info","message":"Request body, [object Object]","service":"identity_service","timestamp":"2025-03-26T11:27:19.999Z"}
{"level":"info","message":"Login endpoint hit","service":"identity_service","timestamp":"2025-03-26T11:27:20.000Z"}
{"level":"info","message":"Received POST request to /api/auth/login","service":"identity_service","timestamp":"2025-03-26T11:27:38.672Z"}
{"level":"info","message":"Request body, [object Object]","service":"identity_service","timestamp":"2025-03-26T11:27:38.673Z"}
{"level":"info","message":"Login endpoint hit","service":"identity_service","timestamp":"2025-03-26T11:27:38.674Z"}
{"level":"info","message":"Received POST request to /api/auth/register","service":"identity_service","timestamp":"2025-03-26T11:33:30.974Z"}
{"level":"info","message":"Request body, [object Object]","service":"identity_service","timestamp":"2025-03-26T11:33:30.974Z"}
{"level":"info","message":"Registeration endpoint hit","service":"identity_service","timestamp":"2025-03-26T11:33:30.976Z"}
{"level":"warn","message":"User already exist","service":"identity_service","timestamp":"2025-03-26T11:33:31.057Z"}
{"level":"info","message":"Identity service running on port 3001","service":"identity_service","timestamp":"2025-04-04T11:32:05.655Z"}
{"errorLabelSet":{},"level":"error","message":"Could not connect to any servers in your MongoDB Atlas cluster. One common reason is that you're trying to access the database from an IP that isn't whitelisted. Make sure your current IP address is on your Atlas cluster's IP whitelist: https://www.mongodb.com/docs/atlas/security-whitelist/","reason":{"commonWireVersion":0,"compatible":true,"heartbeatFrequencyMS":10000,"localThresholdMS":15,"logicalSessionTimeoutMinutes":null,"maxElectionId":null,"maxSetVersion":null,"servers":{"smm-db-shard-00-00.otwoh.mongodb.net:27017":{"$clusterTime":null,"address":"smm-db-shard-00-00.otwoh.mongodb.net:27017","arbiters":[],"electionId":null,"error":{"beforeHandshake":false,"errorLabelSet":{}},"hosts":[],"iscryptd":false,"lastUpdateTime":626390950,"lastWriteDate":0,"logicalSessionTimeoutMinutes":null,"maxBsonObjectSize":null,"maxMessageSizeBytes":null,"maxWireVersion":0,"maxWriteBatchSize":null,"me":null,"minRoundTripTime":0,"minWireVersion":0,"passives":[],"primary":null,"roundTripTime":-1,"setName":null,"setVersion":null,"tags":{},"topologyVersion":null,"type":"Unknown"},"smm-db-shard-00-01.otwoh.mongodb.net:27017":{"$clusterTime":null,"address":"smm-db-shard-00-01.otwoh.mongodb.net:27017","arbiters":[],"electionId":null,"error":{"beforeHandshake":false,"errorLabelSet":{}},"hosts":[],"iscryptd":false,"lastUpdateTime":626390948,"lastWriteDate":0,"logicalSessionTimeoutMinutes":null,"maxBsonObjectSize":null,"maxMessageSizeBytes":null,"maxWireVersion":0,"maxWriteBatchSize":null,"me":null,"minRoundTripTime":0,"minWireVersion":0,"passives":[],"primary":null,"roundTripTime":-1,"setName":null,"setVersion":null,"tags":{},"topologyVersion":null,"type":"Unknown"},"smm-db-shard-00-02.otwoh.mongodb.net:27017":{"$clusterTime":null,"address":"smm-db-shard-00-02.otwoh.mongodb.net:27017","arbiters":[],"electionId":null,"error":{"beforeHandshake":false,"errorLabelSet":{}},"hosts":[],"iscryptd":false,"lastUpdateTime":626390949,"lastWriteDate":0,"logicalSessionTimeoutMinutes":null,"maxBsonObjectSize":null,"maxMessageSizeBytes":null,"maxWireVersion":0,"maxWriteBatchSize":null,"me":null,"minRoundTripTime":0,"minWireVersion":0,"passives":[],"primary":null,"roundTripTime":-1,"setName":null,"setVersion":null,"tags":{},"topologyVersion":null,"type":"Unknown"}},"setName":"atlas-n52hjf-shard-0","stale":false,"type":"ReplicaSetNoPrimary"},"service":"identity_service","stack":"MongooseServerSelectionError: Could not connect to any servers in your MongoDB Atlas cluster. One common reason is that you're trying to access the database from an IP that isn't whitelisted. Make sure your current IP address is on your Atlas cluster's IP whitelist: https://www.mongodb.com/docs/atlas/security-whitelist/\n    at _handleConnectionErrors (E:\\SOCIAL-MEDIA-MICROSERVICE\\identity-service\\node_modules\\mongoose\\lib\\connection.js:1165:11)\n    at NativeConnection.openUri (E:\\SOCIAL-MEDIA-MICROSERVICE\\identity-service\\node_modules\\mongoose\\lib\\connection.js:1096:11)","timestamp":"2025-04-04T11:32:35.854Z"}
{"level":"info","message":"Identity service running on port 3001","service":"identity_service","timestamp":"2025-04-04T11:34:11.813Z"}
{"errorLabelSet":{},"level":"error","message":"Could not connect to any servers in your MongoDB Atlas cluster. One common reason is that you're trying to access the database from an IP that isn't whitelisted. Make sure your current IP address is on your Atlas cluster's IP whitelist: https://www.mongodb.com/docs/atlas/security-whitelist/","reason":{"commonWireVersion":0,"compatible":true,"heartbeatFrequencyMS":10000,"localThresholdMS":15,"logicalSessionTimeoutMinutes":null,"maxElectionId":null,"maxSetVersion":null,"servers":{"smm-db-shard-00-00.otwoh.mongodb.net:27017":{"$clusterTime":null,"address":"smm-db-shard-00-00.otwoh.mongodb.net:27017","arbiters":[],"electionId":null,"error":{"beforeHandshake":false,"errorLabelSet":{}},"hosts":[],"iscryptd":false,"lastUpdateTime":626517210,"lastWriteDate":0,"logicalSessionTimeoutMinutes":null,"maxBsonObjectSize":null,"maxMessageSizeBytes":null,"maxWireVersion":0,"maxWriteBatchSize":null,"me":null,"minRoundTripTime":0,"minWireVersion":0,"passives":[],"primary":null,"roundTripTime":-1,"setName":null,"setVersion":null,"tags":{},"topologyVersion":null,"type":"Unknown"},"smm-db-shard-00-01.otwoh.mongodb.net:27017":{"$clusterTime":null,"address":"smm-db-shard-00-01.otwoh.mongodb.net:27017","arbiters":[],"electionId":null,"error":{"beforeHandshake":false,"errorLabelSet":{}},"hosts":[],"iscryptd":false,"lastUpdateTime":626517192,"lastWriteDate":0,"logicalSessionTimeoutMinutes":null,"maxBsonObjectSize":null,"maxMessageSizeBytes":null,"maxWireVersion":0,"maxWriteBatchSize":null,"me":null,"minRoundTripTime":0,"minWireVersion":0,"passives":[],"primary":null,"roundTripTime":-1,"setName":null,"setVersion":null,"tags":{},"topologyVersion":null,"type":"Unknown"},"smm-db-shard-00-02.otwoh.mongodb.net:27017":{"$clusterTime":null,"address":"smm-db-shard-00-02.otwoh.mongodb.net:27017","arbiters":[],"electionId":null,"error":{"beforeHandshake":false,"errorLabelSet":{}},"hosts":[],"iscryptd":false,"lastUpdateTime":626517254,"lastWriteDate":0,"logicalSessionTimeoutMinutes":null,"maxBsonObjectSize":null,"maxMessageSizeBytes":null,"maxWireVersion":0,"maxWriteBatchSize":null,"me":null,"minRoundTripTime":0,"minWireVersion":0,"passives":[],"primary":null,"roundTripTime":-1,"setName":null,"setVersion":null,"tags":{},"topologyVersion":null,"type":"Unknown"}},"setName":"atlas-n52hjf-shard-0","stale":false,"type":"ReplicaSetNoPrimary"},"service":"identity_service","stack":"MongooseServerSelectionError: Could not connect to any servers in your MongoDB Atlas cluster. One common reason is that you're trying to access the database from an IP that isn't whitelisted. Make sure your current IP address is on your Atlas cluster's IP whitelist: https://www.mongodb.com/docs/atlas/security-whitelist/\n    at _handleConnectionErrors (E:\\SOCIAL-MEDIA-MICROSERVICE\\identity-service\\node_modules\\mongoose\\lib\\connection.js:1165:11)\n    at NativeConnection.openUri (E:\\SOCIAL-MEDIA-MICROSERVICE\\identity-service\\node_modules\\mongoose\\lib\\connection.js:1096:11)","timestamp":"2025-04-04T11:34:41.880Z"}
{"level":"info","message":"Identity service running on port 3001","service":"identity_service","timestamp":"2025-04-04T11:35:19.911Z"}
{"level":"info","message":"Connected to mongodb","service":"identity_service","timestamp":"2025-04-04T11:35:21.367Z"}
{"level":"info","message":"Identity service running on port 3001","service":"identity_service","timestamp":"2025-04-04T12:31:32.541Z"}
{"code":"ETIMEOUT","hostname":"_mongodb._tcp.smm-db.otwoh.mongodb.net","level":"error","message":"Mongo connection error querySrv ETIMEOUT _mongodb._tcp.smm-db.otwoh.mongodb.net","service":"identity_service","stack":"Error: querySrv ETIMEOUT _mongodb._tcp.smm-db.otwoh.mongodb.net\n    at QueryReqWrap.onresolve [as oncomplete] (node:internal/dns/promises:291:17)","syscall":"querySrv","timestamp":"2025-04-04T12:31:32.558Z"}
{"level":"info","message":"Identity service running on port 3001","service":"identity_service","timestamp":"2025-04-05T10:11:00.189Z"}
{"level":"info","message":"Connected to mongodb","service":"identity_service","timestamp":"2025-04-05T10:11:03.701Z"}
{"level":"info","message":"Received POST request to /v1/auth/login","service":"identity_service","timestamp":"2025-04-05T10:13:44.191Z"}
{"level":"info","message":"Request body, [object Object]","service":"identity_service","timestamp":"2025-04-05T10:13:44.191Z"}
{"level":"info","message":"Received POST request to /api/auth/login","service":"identity_service","timestamp":"2025-04-05T10:14:56.003Z"}
{"level":"info","message":"Request body, [object Object]","service":"identity_service","timestamp":"2025-04-05T10:14:56.003Z"}
{"level":"info","message":"Login endpoint hit","service":"identity_service","timestamp":"2025-04-05T10:14:56.005Z"}
{"level":"info","message":"Identity service running on port 3001","service":"identity_service","timestamp":"2025-04-05T10:36:23.546Z"}
{"level":"info","message":"Connected to mongodb","service":"identity_service","timestamp":"2025-04-05T10:36:27.390Z"}
{"level":"info","message":"Identity service running on port 3001","service":"identity_service","timestamp":"2025-04-05T10:38:13.635Z"}
{"level":"info","message":"Identity service running on port 3001","service":"identity_service","timestamp":"2025-04-05T10:38:17.954Z"}
{"level":"info","message":"Connected to mongodb","service":"identity_service","timestamp":"2025-04-05T10:38:21.105Z"}
{"level":"info","message":"Received POST request to /api/auth/login","service":"identity_service","timestamp":"2025-04-05T10:50:33.687Z"}
{"level":"info","message":"Request body, [object Object]","service":"identity_service","timestamp":"2025-04-05T10:50:33.687Z"}
{"level":"info","message":"Login endpoint hit","service":"identity_service","timestamp":"2025-04-05T10:50:33.690Z"}
{"level":"info","message":"Received POST request to /api/auth/login","service":"identity_service","timestamp":"2025-04-05T10:51:35.478Z"}
{"level":"info","message":"Request body, [object Object]","service":"identity_service","timestamp":"2025-04-05T10:51:35.478Z"}
{"level":"info","message":"Login endpoint hit","service":"identity_service","timestamp":"2025-04-05T10:51:35.480Z"}
{"level":"info","message":"Identity service running on port 3001","service":"identity_service","timestamp":"2025-04-06T10:19:14.256Z"}
{"level":"info","message":"Connected to mongodb","service":"identity_service","timestamp":"2025-04-06T10:19:17.324Z"}
{"level":"info","message":"Received POST request to /api/auth/login","service":"identity_service","timestamp":"2025-04-06T10:19:31.567Z"}
{"level":"info","message":"Request body, [object Object]","service":"identity_service","timestamp":"2025-04-06T10:19:31.567Z"}
{"level":"info","message":"Login endpoint hit","service":"identity_service","timestamp":"2025-04-06T10:19:31.574Z"}
{"level":"info","message":"Received POST request to /api/auth/login","service":"identity_service","timestamp":"2025-04-06T11:19:54.733Z"}
{"level":"info","message":"Request body, [object Object]","service":"identity_service","timestamp":"2025-04-06T11:19:54.734Z"}
{"level":"info","message":"Login endpoint hit","service":"identity_service","timestamp":"2025-04-06T11:19:54.735Z"}
{"level":"info","message":"Identity service running on port 3001","service":"identity_service","timestamp":"2025-04-06T11:36:21.396Z"}
{"level":"info","message":"Connected to mongodb","service":"identity_service","timestamp":"2025-04-06T11:36:24.568Z"}
{"level":"info","message":"Identity service running on port 3001","service":"identity_service","timestamp":"2025-04-09T11:37:44.018Z"}
{"level":"info","message":"Connected to mongodb","service":"identity_service","timestamp":"2025-04-09T11:37:46.561Z"}
{"level":"info","message":"Received POST request to /api/auth/login","service":"identity_service","timestamp":"2025-04-09T11:48:11.445Z"}
{"level":"info","message":"Request body, [object Object]","service":"identity_service","timestamp":"2025-04-09T11:48:11.445Z"}
{"level":"info","message":"Login endpoint hit","service":"identity_service","timestamp":"2025-04-09T11:48:11.448Z"}
{"level":"info","message":"Received POST request to /api/auth/login","service":"identity_service","timestamp":"2025-04-09T12:48:29.770Z"}
{"level":"info","message":"Request body, [object Object]","service":"identity_service","timestamp":"2025-04-09T12:48:29.771Z"}
{"level":"info","message":"Login endpoint hit","service":"identity_service","timestamp":"2025-04-09T12:48:29.773Z"}
{"level":"info","message":"Identity service running on port 3001","service":"identity_service","timestamp":"2025-04-10T06:28:34.989Z"}
{"errorLabelSet":{},"level":"error","message":"Could not connect to any servers in your MongoDB Atlas cluster. One common reason is that you're trying to access the database from an IP that isn't whitelisted. Make sure your current IP address is on your Atlas cluster's IP whitelist: https://www.mongodb.com/docs/atlas/security-whitelist/","reason":{"commonWireVersion":0,"compatible":true,"heartbeatFrequencyMS":10000,"localThresholdMS":15,"logicalSessionTimeoutMinutes":null,"maxElectionId":null,"maxSetVersion":null,"servers":{"smm-db-shard-00-00.otwoh.mongodb.net:27017":{"$clusterTime":null,"address":"smm-db-shard-00-00.otwoh.mongodb.net:27017","arbiters":[],"electionId":null,"error":{"beforeHandshake":false,"errorLabelSet":{}},"hosts":[],"iscryptd":false,"lastUpdateTime":1126618764,"lastWriteDate":0,"logicalSessionTimeoutMinutes":null,"maxBsonObjectSize":null,"maxMessageSizeBytes":null,"maxWireVersion":0,"maxWriteBatchSize":null,"me":null,"minRoundTripTime":0,"minWireVersion":0,"passives":[],"primary":null,"roundTripTime":-1,"setName":null,"setVersion":null,"tags":{},"topologyVersion":null,"type":"Unknown"},"smm-db-shard-00-01.otwoh.mongodb.net:27017":{"$clusterTime":null,"address":"smm-db-shard-00-01.otwoh.mongodb.net:27017","arbiters":[],"electionId":null,"error":{"beforeHandshake":false,"errorLabelSet":{}},"hosts":[],"iscryptd":false,"lastUpdateTime":1126618768,"lastWriteDate":0,"logicalSessionTimeoutMinutes":null,"maxBsonObjectSize":null,"maxMessageSizeBytes":null,"maxWireVersion":0,"maxWriteBatchSize":null,"me":null,"minRoundTripTime":0,"minWireVersion":0,"passives":[],"primary":null,"roundTripTime":-1,"setName":null,"setVersion":null,"tags":{},"topologyVersion":null,"type":"Unknown"},"smm-db-shard-00-02.otwoh.mongodb.net:27017":{"$clusterTime":null,"address":"smm-db-shard-00-02.otwoh.mongodb.net:27017","arbiters":[],"electionId":null,"error":{"beforeHandshake":false,"errorLabelSet":{}},"hosts":[],"iscryptd":false,"lastUpdateTime":1126618822,"lastWriteDate":0,"logicalSessionTimeoutMinutes":null,"maxBsonObjectSize":null,"maxMessageSizeBytes":null,"maxWireVersion":0,"maxWriteBatchSize":null,"me":null,"minRoundTripTime":0,"minWireVersion":0,"passives":[],"primary":null,"roundTripTime":-1,"setName":null,"setVersion":null,"tags":{},"topologyVersion":null,"type":"Unknown"}},"setName":"atlas-n52hjf-shard-0","stale":false,"type":"ReplicaSetNoPrimary"},"service":"identity_service","stack":"MongooseServerSelectionError: Could not connect to any servers in your MongoDB Atlas cluster. One common reason is that you're trying to access the database from an IP that isn't whitelisted. Make sure your current IP address is on your Atlas cluster's IP whitelist: https://www.mongodb.com/docs/atlas/security-whitelist/\n    at _handleConnectionErrors (E:\\SOCIAL-MEDIA-MICROSERVICE\\identity-service\\node_modules\\mongoose\\lib\\connection.js:1165:11)\n    at NativeConnection.openUri (E:\\SOCIAL-MEDIA-MICROSERVICE\\identity-service\\node_modules\\mongoose\\lib\\connection.js:1096:11)","timestamp":"2025-04-10T06:29:05.244Z"}
{"level":"info","message":"Identity service running on port 3001","service":"identity_service","timestamp":"2025-04-10T06:30:19.854Z"}
{"level":"info","message":"Connected to mongodb","service":"identity_service","timestamp":"2025-04-10T06:30:20.668Z"}
{"level":"info","message":"Received POST request to /api/auth/login","service":"identity_service","timestamp":"2025-04-10T06:33:05.357Z"}
{"level":"info","message":"Request body, [object Object]","service":"identity_service","timestamp":"2025-04-10T06:33:05.357Z"}
{"level":"info","message":"Login endpoint hit","service":"identity_service","timestamp":"2025-04-10T06:33:05.361Z"}
{"level":"info","message":"Identity service running on port 3001","service":"identity_service","timestamp":"2025-04-10T07:35:53.313Z"}
{"level":"info","message":"Connected to mongodb","service":"identity_service","timestamp":"2025-04-10T07:35:54.324Z"}
{"level":"info","message":"Identity service running on port 3001","service":"identity_service","timestamp":"2025-04-13T11:48:19.641Z"}
{"level":"info","message":"Connected to mongodb","service":"identity_service","timestamp":"2025-04-13T11:48:22.387Z"}
{"level":"info","message":"Identity service running on port 3001","service":"identity_service","timestamp":"2025-04-14T04:40:06.963Z"}
{"level":"info","message":"Connected to mongodb","service":"identity_service","timestamp":"2025-04-14T04:40:09.633Z"}
{"level":"info","message":"Received POST request to /api/auth/login","service":"identity_service","timestamp":"2025-04-14T04:41:56.874Z"}
{"level":"info","message":"Request body, [object Object]","service":"identity_service","timestamp":"2025-04-14T04:41:56.874Z"}
{"level":"info","message":"Login endpoint hit","service":"identity_service","timestamp":"2025-04-14T04:41:56.899Z"}
